ID RA DEC LST1_start LST1_stop LST2_start LST2_stop Nvis Exptime Prob(Norm) Contour
1 -85.427025 17.260205 20.091731 21.264590 15.345140 16.517999 1 1200 0.079621 88.5
2 -86.287872 17.728199 20.051183 21.227130 15.267820 16.443767 1 1200 0.057637 77.3
3 -86.413330 17.831521 20.046312 21.222924 15.255298 16.431911 1 1200 0.044372 70.9
4 -86.247299 15.311204 19.962625 21.123871 15.376489 16.537735 1 1200 0.039235 71.0
5 -84.893036 16.566656 20.102686 21.271358 15.409571 16.578242 1 1200 0.038954 88.5
6 -85.618530 15.978315 20.031722 21.196863 15.387333 16.552474 1 1200 0.036833 77.2
7 -85.487808 17.339029 20.091259 21.264758 15.336867 16.510367 1 1200 0.036240 77.3
8 -85.239555 17.299482 20.106021 21.279200 15.355526 16.528705 1 1200 0.035085 88.5
9 -86.172653 15.475926 19.974478 21.136676 15.373637 16.535835 1 1200 0.034285 74.8
10 -85.693954 16.540521 20.047433 21.215804 15.358336 16.526706 1 1200 0.034216 77.2
11 -85.630264 16.616624 20.055392 21.224365 15.358266 16.527240 1 1200 0.027743 77.2
12 -86.344437 16.993243 20.021540 21.192820 15.294588 16.465869 1 1200 0.027009 74.8
13 -86.569199 16.169719 19.975002 21.141155 15.316286 16.482438 1 1200 0.023518 70.9
14 -86.050301 17.014220 20.042057 21.213494 15.313132 16.484570 1 1200 0.022876 74.8
15 -86.208687 16.468592 20.011255 21.179326 15.326183 16.494254 1 1200 0.022521 77.2
16 -87.678543 15.098425 19.859285 21.019460 15.290068 16.450243 1 1200 0.020590 57.8
17 -85.571709 16.230537 20.044338 21.210928 15.379510 16.546101 1 1200 0.017344 77.2
18 -86.209305 16.728783 20.020483 21.190065 15.315361 16.484943 1 1200 0.017313 74.8
19 -85.127556 17.301141 20.113488 21.286666 15.362993 16.536171 1 1200 0.016984 88.5
20 -85.592476 14.371839 19.966986 21.123189 15.464481 16.620684 1 1200 0.016749 87.4
21 -86.270340 16.829664 20.020090 21.190285 15.307003 16.477198 1 1200 0.014904 74.8
22 -87.435493 16.895029 19.945158 21.115817 15.226117 16.396776 1 1200 0.014418 56.0
23 -86.841042 15.525204 19.931873 21.094346 15.326849 16.489321 1 1200 0.013917 67.3
24 -85.612549 16.108998 20.036882 21.202744 15.382249 16.548112 1 1200 0.013113 77.2
25 -86.138878 16.698752 20.024256 21.193686 15.321130 16.490560 1 1200 0.012722 74.8
26 -87.144485 17.226371 19.976336 21.149035 15.231700 16.404400 1 1200 0.012441 61.6
27 -85.928627 14.090767 19.933194 21.088052 15.454798 16.609656 1 1200 0.011408 77.1
28 -88.808952 15.623870 19.804575 20.967601 15.191206 16.354231 1 1200 0.010929 56.9
29 -85.177689 13.905140 19.974896 21.128798 15.514177 16.668079 1 1200 0.010879 77.1
30 -86.857849 16.221863 19.958595 21.125186 15.293768 16.460358 1 1200 0.010393 67.1
31 -86.522194 17.960530 20.043394 21.220845 15.242862 16.420314 1 1200 0.010342 70.9
32 -89.032982 15.832576 19.798341 20.962628 15.166308 16.330595 1 1200 0.010197 56.9
33 -88.229469 16.552156 19.879329 21.047850 15.188221 16.356742 1 1200 0.010156 51.6
34 -87.011589 16.170608 19.945509 21.111662 15.286793 16.452946 1 1200 0.009966 62.2
35 -85.855904 16.814632 20.047719 21.217914 15.334632 16.504827 1 1200 0.009132 77.2
36 -89.458229 17.287728 19.823881 20.996899 15.075337 16.248355 1 1200 0.008367 59.1
37 -86.671516 18.221085 20.042031 21.221186 15.222612 16.401767 1 1200 0.008356 66.7
38 -88.597290 17.272005 19.881277 21.054295 15.132733 16.305751 1 1200 0.008247 52.1
39 -88.505013 17.377696 19.891004 21.064664 15.134667 16.308327 1 1200 0.007468 50.4
40 -89.425720 16.978894 19.815211 20.986336 15.090234 16.261359 1 1200 0.007294 66.3
41 -89.647903 15.915013 19.760226 20.924939 15.122007 16.286720 1 1200 0.007042 68.4
42 -85.738724 15.924616 20.020838 21.185551 15.382619 16.547332 1 1200 0.006713 77.2
43 -86.714722 15.507894 19.939318 21.101653 15.336384 16.498719 1 1200 0.006252 71.0
44 -89.112175 16.597330 19.822338 20.991160 15.127216 16.296039 1 1200 0.006204 60.8
45 -86.928322 16.328814 19.957663 21.124842 15.284715 16.451894 1 1200 0.005717 67.1
46 -86.196289 17.298648 20.042239 21.215418 15.291744 16.464922 1 1200 0.005602 70.9
47 -86.191132 16.183354 20.001153 21.167451 15.340398 16.506696 1 1200 0.005445 77.2
48 -86.653618 17.688982 20.025047 21.200663 15.245521 16.421137 1 1200 0.005238 66.8
49 -88.618439 17.697347 19.894936 21.070718 15.113491 16.289272 1 1200 0.005175 49.7
50 -86.543854 15.958211 19.969078 21.134076 15.326743 16.491742 1 1200 0.004989 70.9
51 -87.945129 17.200807 19.922060 21.094601 15.179382 16.351922 1 1200 0.004891 52.8
52 -88.949295 16.803577 19.840576 21.010617 15.129477 16.299518 1 1200 0.004885 54.5
53 -86.993088 14.317180 19.871552 21.027508 15.373414 16.529370 1 1200 0.004755 67.6
54 -88.937851 18.134752 19.888376 21.067017 15.074603 16.253243 1 1200 0.004754 52.3
55 -87.175911 16.809831 19.958801 21.128843 15.247702 16.417744 1 1200 0.004690 61.9
56 -87.544388 17.426077 19.956827 21.130810 15.196605 16.370588 1 1200 0.004447 55.2
57 -86.248329 14.847640 19.943621 21.102355 15.397868 16.556602 1 1200 0.004235 71.0
58 -88.540070 17.937799 19.908003 21.085286 15.109371 16.286654 1 1200 0.004188 48.7
59 -87.697975 17.886204 19.962408 21.139355 15.167581 16.344529 1 1200 0.003884 53.6
60 -88.268791 15.646457 19.841557 21.004722 15.226106 16.389271 1 1200 0.003824 53.1
61 -89.116409 14.486266 19.737187 20.894012 15.223800 16.380625 1 1200 0.003789 60.1
62 -88.476181 17.576283 19.900022 21.074981 15.128194 16.303154 1 1200 0.003638 49.3
63 -87.052254 17.449847 19.990524 21.164669 15.228364 16.402508 1 1200 0.003499 61.6
64 -89.401512 17.901450 19.849707 21.026822 15.052977 16.230092 1 1200 0.003384 57.5
65 -88.391960 15.083288 19.810728 20.970771 15.243635 16.403677 1 1200 0.003377 53.9
66 -87.083862 16.543307 19.955703 21.124223 15.264595 16.433116 1 1200 0.002723 61.9
67 -87.933548 15.392211 19.854145 21.015933 15.259594 16.421382 1 1200 0.002549 53.7
68 -86.385681 17.971148 20.053359 21.230980 15.250930 16.428550 1 1200 0.002487 70.9
69 -89.126228 14.859289 19.752768 20.911631 15.204872 16.363735 1 1200 0.002260 64.7
70 -89.191025 17.424958 19.847051 21.021034 15.086829 16.260812 1 1200 0.001723 59.1
71 -88.199318 16.913569 19.894237 21.064895 15.175196 16.345854 1 1200 0.001529 51.0
72 -87.845085 17.266704 19.931424 21.104442 15.182880 16.355898 1 1200 0.001386 54.1
73 -88.148529 17.131211 19.905796 21.077862 15.169000 16.341066 1 1200 0.000952 50.4
