ID RA DEC LST1_start LST1_stop LST2_start LST2_stop Nvis Exptime Prob(Norm) Contour
1 25.907949 17.357815 27.517643 28.691142 22.763251 23.936750 1 1200 0.031704 88.9
2 26.745043 16.104307 27.527388 28.693250 22.872755 24.038618 1 1200 0.029677 89.3
3 25.721157 17.789252 27.520200 28.696479 22.733008 23.909287 1 1200 0.028629 85.9
4 26.417198 15.260299 27.471617 28.632594 22.889699 24.050676 1 1200 0.028208 73.6
5 25.417154 18.528284 27.525603 28.707024 22.681930 23.863350 1 1200 0.027964 88.5
6 25.833815 17.328680 27.511807 28.685146 22.759363 23.932701 1 1200 0.025277 88.9
7 27.058872 14.746577 27.493398 28.651616 22.956233 24.114452 1 1200 0.025053 79.1
8 26.438875 16.337283 27.515476 28.682655 22.842528 24.009707 1 1200 0.022408 86.4
9 25.293112 18.485840 27.515655 28.696724 22.675691 23.856760 1 1200 0.022346 88.5
10 27.133745 14.160894 27.473802 28.629024 22.988809 24.144030 1 1200 0.021485 83.7
11 26.866793 15.857854 27.525954 28.690383 22.891857 24.056285 1 1200 0.020570 89.3
12 27.031303 13.938093 27.456544 28.610565 22.993609 24.147629 1 1200 0.019324 73.5
13 25.938969 16.629196 27.493340 28.662314 22.796215 23.965189 1 1200 0.018178 83.0
14 26.494999 16.175552 27.513562 28.679860 22.852806 24.019105 1 1200 0.018163 86.4
15 26.841070 15.985735 27.529028 28.694170 22.884639 24.049781 1 1200 0.014969 89.3
16 26.349213 15.483942 27.475936 28.638133 22.875095 24.037293 1 1200 0.014770 78.8
17 25.620806 17.419260 27.501173 28.675156 22.740952 23.914934 1 1200 0.014054 85.9
18 26.319242 17.283752 27.542379 28.715397 22.793835 23.966853 1 1200 0.013453 88.9
19 26.532513 15.970322 27.507502 28.672501 22.865168 24.030166 1 1200 0.013426 89.3
20 27.068092 13.881426 27.456898 28.610682 22.998397 24.152181 1 1200 0.013320 73.5
21 25.989607 15.986671 27.472264 28.637406 22.827875 23.993017 1 1200 0.011857 75.6
22 25.110250 17.358727 27.464463 28.637962 22.710071 23.883570 1 1200 0.011850 76.1
23 26.914421 16.049354 27.536778 28.702352 22.886238 24.051811 1 1200 0.011749 89.3
24 25.256191 17.266117 27.471509 28.644527 22.722965 23.895983 1 1200 0.011593 76.1
25 25.271963 18.623411 27.518433 28.700385 22.669210 23.851162 1 1200 0.011442 88.5
26 25.796204 17.730180 27.523455 28.699402 22.740092 23.916039 1 1200 0.011206 85.9
27 26.713472 15.152977 27.487407 28.647848 22.913948 24.074390 1 1200 0.010995 83.4
28 26.599400 16.091815 27.516728 28.682446 22.864141 24.029858 1 1200 0.010819 89.3
29 27.597795 14.848402 27.533363 28.692097 22.987609 24.146343 1 1200 0.010389 89.6
30 26.411379 16.337117 27.513643 28.680822 22.840695 24.007874 1 1200 0.010167 86.4
31 26.173344 17.418840 27.538009 28.711992 22.777787 23.951770 1 1200 0.009956 88.9
32 26.589516 15.140965 27.478150 28.638458 22.906811 24.067119 1 1200 0.009868 75.3
33 25.968357 17.552323 27.528775 28.703571 22.758877 23.933672 1 1200 0.009466 85.9
34 25.968386 17.381148 27.522564 28.696224 22.766227 23.939887 1 1200 0.009155 88.9
35 25.734919 16.400355 27.471359 28.638983 22.792340 23.959964 1 1200 0.009123 72.1
36 26.916845 14.982727 27.493988 28.653504 22.935408 24.094924 1 1200 0.008953 87.0
37 25.906460 16.659974 27.492098 28.661224 22.792971 23.962096 1 1200 0.008830 83.0
38 27.470764 14.562886 27.512731 28.669932 22.992836 24.150038 1 1200 0.008723 89.6
39 26.440844 16.406244 27.518421 28.686044 22.839402 24.007025 1 1200 0.008639 86.4
40 26.116327 17.176846 27.525257 28.697639 22.784537 23.956920 1 1200 0.008402 88.9
41 27.360943 14.602966 27.507448 28.664902 22.983224 24.140678 1 1200 0.008303 89.6
42 25.264030 17.580379 27.482703 28.657662 22.710875 23.885834 1 1200 0.008292 73.4
43 26.061380 16.540268 27.497789 28.666159 22.808691 23.977062 1 1200 0.008261 83.0
44 26.495298 16.421339 27.522986 28.690759 22.841948 24.009720 1 1200 0.008257 86.4
45 26.155764 17.104704 27.525179 28.697087 22.790348 23.962256 1 1200 0.008243 88.9
46 25.686195 16.603387 27.475562 28.644385 22.780441 23.949264 1 1200 0.008219 72.1
47 26.531296 12.007902 27.332554 28.477633 23.059873 24.204952 1 1200 0.007957 58.1
48 26.633404 15.745957 27.505577 28.669301 22.881820 24.045543 1 1200 0.007907 78.8
49 27.747343 13.074085 27.464765 28.614577 23.085069 24.234881 1 1200 0.007831 79.7
50 25.078196 17.422006 27.464999 28.638982 22.704778 23.878760 1 1200 0.007806 73.4
51 25.432745 17.228061 27.481484 28.654184 22.736849 23.909548 1 1200 0.007792 76.1
52 25.233360 17.651640 27.483300 28.658752 22.705696 23.881148 1 1200 0.007783 73.4
53 25.629993 16.595378 27.471816 28.640638 22.776694 23.945517 1 1200 0.007693 72.1
54 25.716434 16.804354 27.484958 28.654999 22.773859 23.943900 1 1200 0.007618 78.8
55 25.468481 17.470560 27.492794 28.667101 22.728696 23.903003 1 1200 0.007572 85.9
56 26.814837 15.981402 27.527279 28.692421 22.882890 24.048032 1 1200 0.007536 89.3
57 27.217039 15.100053 27.518990 28.679165 22.949773 24.109949 1 1200 0.007474 87.0
58 25.977757 16.284267 27.482854 28.649739 22.813962 23.980847 1 1200 0.007423 75.6
59 26.099758 17.261378 27.526850 28.699709 22.780259 23.953118 1 1200 0.007227 88.9
60 25.935955 17.441759 27.523072 28.697216 22.760911 23.935056 1 1200 0.007151 88.9
61 26.346212 16.284973 27.507418 28.674302 22.838526 24.005410 1 1200 0.007095 86.4
62 25.189568 17.033990 27.458048 28.629485 22.729124 23.900561 1 1200 0.006959 70.7
63 26.603767 16.428871 27.530218 28.697990 22.849179 24.016951 1 1200 0.006711 86.4
64 26.160488 17.387426 27.535371 28.709031 22.779034 23.952694 1 1200 0.006419 88.9
65 25.836971 17.410625 27.514694 28.688516 22.756414 23.930235 1 1200 0.006368 88.9
66 25.440474 16.377981 27.450793 28.618268 22.773795 23.941270 1 1200 0.006335 72.1
67 24.798836 17.244276 27.440122 28.612981 22.693531 23.866390 1 1200 0.006207 69.8
68 26.186890 16.294680 27.497737 28.664769 22.826816 23.993848 1 1200 0.006178 86.4
69 26.835182 16.133529 27.534346 28.700353 22.877671 24.043678 1 1200 0.006177 89.3
70 26.612421 16.018909 27.514739 28.680025 22.868298 24.033583 1 1200 0.006155 89.3
71 26.471245 15.907267 27.501503 28.666216 22.863283 24.027996 1 1200 0.006116 78.8
72 26.296268 16.623958 27.517160 28.686134 22.820035 23.989009 1 1200 0.006012 83.0
73 26.581892 16.197894 27.520300 28.686744 22.857508 24.023952 1 1200 0.005851 89.3
74 25.060036 17.160307 27.453937 28.626160 22.715178 23.887402 1 1200 0.005655 70.0
75 25.010082 17.483672 27.462234 28.636541 22.698136 23.872443 1 1200 0.005518 73.4
76 25.612125 17.427902 27.500594 28.674577 22.740373 23.914356 1 1200 0.005517 85.9
77 25.351570 17.334172 27.479658 28.652996 22.727213 23.900552 1 1200 0.005508 76.1
78 27.091885 14.988140 27.505658 28.665174 22.947078 24.106594 1 1200 0.005470 87.0
79 26.338938 16.369346 27.510690 28.678165 22.833693 24.001168 1 1200 0.005368 86.4
80 26.086288 17.481719 27.533981 28.708288 22.769883 23.944190 1 1200 0.005233 88.9
81 26.509352 16.039505 27.508822 28.674251 22.860330 24.025759 1 1200 0.005100 89.3
82 25.817230 16.627656 27.485225 28.654198 22.788099 23.957073 1 1200 0.005042 83.0
83 25.949545 16.771466 27.499580 28.669468 22.790471 23.960359 1 1200 0.005036 83.0
84 25.864382 14.275791 27.393319 28.549029 22.899555 24.055265 1 1200 0.005013 62.5
85 27.453962 14.740616 27.519737 28.677956 22.982573 24.140791 1 1200 0.004995 89.6
86 26.560713 16.141839 27.516048 28.682056 22.859373 24.025380 1 1200 0.004993 89.3
87 25.122965 17.331267 27.464417 28.637756 22.711973 23.885311 1 1200 0.004992 76.1
88 27.665529 14.090989 27.506137 28.660996 23.027741 24.182600 1 1200 0.004875 83.7
89 26.274441 15.921236 27.488383 28.653096 22.850163 24.014876 1 1200 0.004869 78.8
90 25.828794 17.164791 27.506088 28.678471 22.765369 23.937751 1 1200 0.004848 88.9
91 25.018419 17.377871 27.459233 28.632893 22.702896 23.876556 1 1200 0.004829 73.4
92 25.669355 16.661156 27.476291 28.645417 22.777164 23.946289 1 1200 0.004744 78.8
93 25.090643 17.125998 27.455075 28.627140 22.718279 23.890344 1 1200 0.004720 70.0
94 25.636415 16.081227 27.452529 28.618247 22.799942 23.965659 1 1200 0.004711 72.2
95 26.770756 16.226394 27.533835 28.700426 22.869008 24.035599 1 1200 0.004688 89.3
96 26.077959 17.375196 27.529869 28.703529 22.773532 23.947192 1 1200 0.004679 88.9
97 26.049635 17.538887 27.533310 28.707942 22.765343 23.939975 1 1200 0.004660 88.9
98 25.074492 17.159690 27.454900 28.627124 22.716141 23.888365 1 1200 0.004639 70.0
99 25.316845 15.835941 27.421663 28.585950 22.789630 23.953917 1 1200 0.004613 67.1
100 25.818832 16.995981 27.499091 28.670372 22.772139 23.943420 1 1200 0.004596 78.8
